\BOOKMARK [0][-]{chapter.1}{\376\377\000B\000e\000v\000e\000z\000e\000t\000\351\000s}{}% 1
\BOOKMARK [0][-]{chapter.2}{\376\377\000K\000o\000n\000c\000e\000p\000c\000i\000\363}{}% 2
\BOOKMARK [1][-]{section.2.1}{\376\377\000P\000r\000o\000b\000l\000\351\000m\000a\000k\000\366\000r\000\040\000\351\000s\000\040\000m\000o\000t\000i\000v\000\341\000c\000i\000\363}{chapter.2}% 3
\BOOKMARK [1][-]{section.2.2}{\376\377\000H\000a\000s\000o\000n\000l\000\363\000\040\000r\000e\000n\000d\000s\000z\000e\000r\000e\000k\000\040\000\341\000t\000t\000e\000k\000i\000n\000t\000\351\000s\000e}{chapter.2}% 4
\BOOKMARK [2][-]{subsection.2.2.1}{\376\377\000M\000o\000o\000d\000l\000e}{section.2.2}% 5
\BOOKMARK [2][-]{subsection.2.2.2}{\376\377\000G\000o\000o\000g\000l\000e\000\040\000C\000l\000a\000s\000s\000r\000o\000o\000m}{section.2.2}% 6
\BOOKMARK [2][-]{subsection.2.2.3}{\376\377\000C\000a\000n\000v\000a\000s\000\040\000L\000M\000S}{section.2.2}% 7
\BOOKMARK [2][-]{subsection.2.2.4}{\376\377\000O\000p\000e\000n\000\040\000e\000d\000X}{section.2.2}% 8
\BOOKMARK [2][-]{subsection.2.2.5}{\376\377\000\326\000s\000s\000z\000e\000h\000a\000s\000o\000n\000l\000\355\000t\000\341\000s}{section.2.2}% 9
\BOOKMARK [1][-]{section.2.3}{\376\377\000F\000e\000l\000h\000a\000s\000z\000n\000\341\000l\000t\000\040\000t\000e\000c\000h\000n\000o\000l\000\363\000g\000i\000\341\000k}{chapter.2}% 10
\BOOKMARK [2][-]{subsection.2.3.1}{\376\377\000J\000a\000v\000a\000\040\000\351\000s\000\040\000a\000\040\000S\000p\000r\000i\000n\000g\000-\000\366\000k\000o\000s\000z\000i\000s\000z\000t\000\351\000m\000a\000\040\000\341\000l\000t\000a\000l\000\341\000b\000a\000n}{section.2.3}% 11
\BOOKMARK [2][-]{subsection.2.3.2}{\376\377\000S\000p\000r\000i\000n\000g\000\040\000B\000o\000o\000t}{section.2.3}% 12
\BOOKMARK [2][-]{subsection.2.3.3}{\376\377\000S\000p\000r\000i\000n\000g\000\040\000S\000e\000c\000u\000r\000i\000t\000y}{section.2.3}% 13
\BOOKMARK [2][-]{subsection.2.3.4}{\376\377\000S\000p\000r\000i\000n\000g\000\040\000D\000a\000t\000a\000\040\000J\000P\000A\000\040\000\351\000s\000\040\000H\000i\000b\000e\000r\000n\000a\000t\000e}{section.2.3}% 14
\BOOKMARK [2][-]{subsection.2.3.5}{\376\377\000T\000h\000y\000m\000e\000l\000e\000a\000f}{section.2.3}% 15
\BOOKMARK [2][-]{subsection.2.3.6}{\376\377\000A\000p\000a\000c\000h\000e\000\040\000P\000O\000I}{section.2.3}% 16
\BOOKMARK [2][-]{subsection.2.3.7}{\376\377\000A\000p\000a\000c\000h\000e\000\040\000P\000D\000F\000B\000o\000x}{section.2.3}% 17
\BOOKMARK [1][-]{section.2.4}{\376\377\000K\000\366\000v\000e\000t\000e\000l\000m\000\351\000n\000y\000-\000s\000p\000e\000c\000i\000f\000i\000k\000\341\000c\000i\000\363}{chapter.2}% 18
\BOOKMARK [2][-]{subsection.2.4.1}{\376\377\000F\000u\000n\000k\000c\000i\000o\000n\000\341\000l\000i\000s\000\040\000k\000\366\000v\000e\000t\000e\000l\000m\000\351\000n\000y\000e\000k}{section.2.4}% 19
\BOOKMARK [2][-]{subsection.2.4.2}{\376\377\000N\000e\000m\000f\000u\000n\000k\000c\000i\000o\000n\000\341\000l\000i\000s\000\040\000k\000\366\000v\000e\000t\000e\000l\000m\000\351\000n\000y\000e\000k}{section.2.4}% 20
\BOOKMARK [0][-]{chapter.3}{\376\377\000T\000e\000r\000v\000e\000z\000\351\000s}{}% 21
\BOOKMARK [1][-]{section.3.1}{\376\377\000R\000e\000n\000d\000s\000z\000e\000r\000a\000r\000c\000h\000i\000t\000e\000k\000t\000\372\000r\000a}{chapter.3}% 22
\BOOKMARK [2][-]{subsection.3.1.1}{\376\377\000H\000\341\000r\000o\000m\000r\000\351\000t\000e\000g\001\161\000\040\000a\000r\000c\000h\000i\000t\000e\000k\000t\000\372\000r\000a}{section.3.1}% 23
\BOOKMARK [2][-]{subsection.3.1.2}{\376\377\000K\000\351\000r\000\351\000s\000-\000f\000e\000l\000d\000o\000l\000g\000o\000z\000\341\000s\000\040\000f\000o\000l\000y\000a\000m\000a\000t\000a}{section.3.1}% 24
\BOOKMARK [2][-]{subsection.3.1.3}{\376\377\000T\000e\000l\000e\000p\000\355\000t\000\351\000s\000i\000\040\000m\000o\000d\000e\000l\000l}{section.3.1}% 25
\BOOKMARK [1][-]{section.3.2}{\376\377\000A\000d\000a\000t\000m\000o\000d\000e\000l\000l}{chapter.3}% 26
\BOOKMARK [2][-]{subsection.3.2.1}{\376\377\000U\000s\000e\000r}{section.3.2}% 27
\BOOKMARK [2][-]{subsection.3.2.2}{\376\377\000C\000o\000u\000r\000s\000e}{section.3.2}% 28
\BOOKMARK [2][-]{subsection.3.2.3}{\376\377\000L\000e\000s\000s\000o\000n}{section.3.2}% 29
\BOOKMARK [2][-]{subsection.3.2.4}{\376\377\000P\000r\000e\000s\000e\000n\000t\000a\000t\000i\000o\000n}{section.3.2}% 30
\BOOKMARK [2][-]{subsection.3.2.5}{\376\377\000Q\000u\000i\000z\000\040\000\351\000s\000\040\000Q\000u\000e\000s\000t\000i\000o\000n}{section.3.2}% 31
\BOOKMARK [2][-]{subsection.3.2.6}{\376\377\000Q\000u\000i\000z\000R\000e\000s\000u\000l\000t}{section.3.2}% 32
\BOOKMARK [2][-]{subsection.3.2.7}{\376\377\000R\000o\000l\000e}{section.3.2}% 33
\BOOKMARK [2][-]{subsection.3.2.8}{\376\377\000E\000n\000t\000i\000t\000\341\000s\000k\000a\000p\000c\000s\000o\000l\000a\000t\000o\000k\000\040\000\366\000s\000s\000z\000e\000f\000o\000g\000l\000a\000l\000\341\000s\000a}{section.3.2}% 34
\BOOKMARK [1][-]{section.3.3}{\376\377\000B\000i\000z\000t\000o\000n\000s\000\341\000g\000i\000\040\000t\000e\000r\000v\000e\000z\000\351\000s}{chapter.3}% 35
\BOOKMARK [2][-]{subsection.3.3.1}{\376\377\000S\000z\000e\000r\000e\000p\000k\000\366\000r\000-\000a\000l\000a\000p\000\372\000\040\000h\000o\000z\000z\000\341\000f\000\351\000r\000\351\000s\000-\000v\000e\000z\000\351\000r\000l\000\351\000s}{section.3.3}% 36
\BOOKMARK [2][-]{subsection.3.3.2}{\376\377\000U\000R\000L\000-\000s\000z\000i\000n\000t\001\161\000\040\000h\000o\000z\000z\000\341\000f\000\351\000r\000\351\000s\000-\000v\000e\000z\000\351\000r\000l\000\351\000s}{section.3.3}% 37
\BOOKMARK [2][-]{subsection.3.3.3}{\376\377\000J\000e\000l\000s\000z\000\363\000k\000e\000z\000e\000l\000\351\000s}{section.3.3}% 38
\BOOKMARK [2][-]{subsection.3.3.4}{\376\377\000M\000u\000n\000k\000a\000m\000e\000n\000e\000t\000-\000k\000e\000z\000e\000l\000\351\000s}{section.3.3}% 39
\BOOKMARK [1][-]{section.3.4}{\376\377\000F\000e\000l\000h\000a\000s\000z\000n\000\341\000l\000\363\000i\000\040\000f\000e\000l\000\374\000l\000e\000t\000\040\000t\000e\000r\000v\000e\000z\000\351\000s\000e}{chapter.3}% 40
\BOOKMARK [2][-]{subsection.3.4.1}{\376\377\000\301\000l\000t\000a\000l\000\341\000n\000o\000s\000\040\000U\000X\000-\000e\000l\000v\000e\000k}{section.3.4}% 41
\BOOKMARK [2][-]{subsection.3.4.2}{\376\377\000O\000l\000d\000a\000l\000a\000k\000\040\000\351\000s\000\040\000n\000a\000v\000i\000g\000\341\000c\000i\000\363\000s\000\040\000f\000o\000l\000y\000a\000m\000a\000t\000o\000k}{section.3.4}% 42
\BOOKMARK [2][-]{subsection.3.4.3}{\376\377\000S\000a\000b\000l\000o\000n\000-\000h\000i\000e\000r\000a\000r\000c\000h\000i\000a\000\040\000\351\000s\000\040\000t\000\366\000r\000e\000d\000\351\000k\000e\000k}{section.3.4}% 43
\BOOKMARK [1][-]{section.3.5}{\376\377\000K\000v\000\355\000z\000r\000e\000n\000d\000s\000z\000e\000r\000\040\000t\000e\000r\000v\000e\000z\000\351\000s\000e}{chapter.3}% 44
\BOOKMARK [2][-]{subsection.3.5.1}{\376\377\000T\000\366\000b\000b\000s\000z\000\366\000r\000i\000\040\000p\000r\000\363\000b\000\341\000l\000k\000o\000z\000\341\000s\000\040\000k\000e\000z\000e\000l\000\351\000s\000e}{section.3.5}% 45
\BOOKMARK [2][-]{subsection.3.5.2}{\376\377\000P\000o\000n\000t\000h\000a\000t\000\341\000r\000o\000k\000\040\000\351\000s\000\040\000o\000s\000z\000t\000\341\000l\000y\000z\000a\000t\000o\000k}{section.3.5}% 46
\BOOKMARK [2][-]{subsection.3.5.3}{\376\377\000E\000r\000e\000d\000m\000\351\000n\000y\000s\000t\000a\000t\000i\000s\000z\000t\000i\000k\000\341\000k}{section.3.5}% 47
\BOOKMARK [1][-]{section.3.6}{\376\377\000P\000r\000e\000z\000e\000n\000t\000\341\000c\000i\000\363\000-\000f\000e\000l\000d\000o\000l\000g\000o\000z\000\341\000s\000\040\000t\000e\000r\000v\000e\000z\000\351\000s\000e}{chapter.3}% 48
\BOOKMARK [2][-]{subsection.3.6.1}{\376\377\000T\000\341\000m\000o\000g\000a\000t\000o\000t\000t\000\040\000f\000o\000r\000m\000\341\000t\000u\000m\000o\000k\000\040\000\351\000s\000\040\000k\000o\000n\000v\000e\000r\000z\000i\000\363\000s\000\040\000s\000t\000r\000a\000t\000\351\000g\000i\000a}{section.3.6}% 49
\BOOKMARK [2][-]{subsection.3.6.2}{\376\377\000M\000e\000g\000j\000e\000l\000e\000n\000\355\000t\000\351\000s\000i\000\040\000m\000e\000g\000k\000\366\000z\000e\000l\000\355\000t\000\351\000s}{section.3.6}% 50
\BOOKMARK [2][-]{subsection.3.6.3}{\376\377\000T\000\341\000r\000o\000l\000\341\000s\000i\000\040\000m\000e\000g\000f\000o\000n\000t\000o\000l\000\341\000s\000o\000k}{section.3.6}% 51
\BOOKMARK [1][-]{section.3.7}{\376\377\000R\000\351\000t\000e\000g\000-\000s\000t\000r\000u\000k\000t\000\372\000r\000a\000\040\000a\000\040\000f\000o\000r\000r\000\341\000s\000k\000\363\000d\000b\000a\000n}{chapter.3}% 52
\BOOKMARK [2][-]{subsection.3.7.1}{\376\377\000F\000\374\000g\000g\001\121\000s\000\351\000g\000e\000k\000\040\000i\000r\000\341\000n\000y\000a}{section.3.7}% 53
\BOOKMARK [1][-]{section.3.8}{\376\377\000N\000\351\000z\000e\000t\000e\000k\000\040\000\050\000T\000h\000y\000m\000e\000l\000e\000a\000f\000\040\000s\000a\000b\000l\000o\000n\000o\000k\000\051}{chapter.3}% 54
\BOOKMARK [0][-]{chapter.4}{\376\377\000M\000e\000g\000v\000a\000l\000\363\000s\000\355\000t\000\341\000s}{}% 55
\BOOKMARK [1][-]{section.4.1}{\376\377\000A\000z\000\040\000a\000l\000k\000a\000l\000m\000a\000z\000\341\000s\000\040\000i\000n\000d\000\355\000t\000\341\000s\000a\000\040\000\351\000s\000\040\000k\000o\000n\000f\000i\000g\000u\000r\000\341\000c\000i\000\363}{chapter.4}% 56
\BOOKMARK [2][-]{subsection.4.1.1}{\376\377\000A\000\040\000b\000e\000l\000\351\000p\000\351\000s\000i\000\040\000p\000o\000n\000t}{section.4.1}% 57
\BOOKMARK [2][-]{subsection.4.1.2}{\376\377\000M\000a\000v\000e\000n\000\040\000f\000\374\000g\000g\001\121\000s\000\351\000g\000e\000k}{section.4.1}% 58
\BOOKMARK [2][-]{subsection.4.1.3}{\376\377\000A\000z\000\040\000a\000p\000p\000l\000i\000c\000a\000t\000i\000o\000n\000.\000p\000r\000o\000p\000e\000r\000t\000i\000e\000s\000\040\000k\000o\000n\000f\000i\000g\000u\000r\000\341\000c\000i\000\363}{section.4.1}% 59
\BOOKMARK [1][-]{section.4.2}{\376\377\000A\000\040\000f\000o\000r\000r\000\341\000s\000k\000\363\000d\000\040\000s\000z\000e\000r\000k\000e\000z\000e\000t\000e}{chapter.4}% 60
\BOOKMARK [1][-]{section.4.3}{\376\377\000A\000d\000a\000t\000m\000o\000d\000e\000l\000l\000\040\000m\000e\000g\000v\000a\000l\000\363\000s\000\355\000t\000\341\000s\000a}{chapter.4}% 61
\BOOKMARK [2][-]{subsection.4.3.1}{\376\377\000A\000\040\000U\000s\000e\000r\000\040\000e\000n\000t\000i\000t\000\341\000s}{section.4.3}% 62
\BOOKMARK [2][-]{subsection.4.3.2}{\376\377\000A\000\040\000C\000o\000u\000r\000s\000e\000\040\000e\000n\000t\000i\000t\000\341\000s}{section.4.3}% 63
\BOOKMARK [2][-]{subsection.4.3.3}{\376\377\000A\000\040\000L\000e\000s\000s\000o\000n\000\040\000e\000n\000t\000i\000t\000\341\000s}{section.4.3}% 64
\BOOKMARK [2][-]{subsection.4.3.4}{\376\377\000A\000\040\000P\000r\000e\000s\000e\000n\000t\000a\000t\000i\000o\000n\000\040\000e\000n\000t\000i\000t\000\341\000s}{section.4.3}% 65
\BOOKMARK [2][-]{subsection.4.3.5}{\376\377\000A\000\040\000Q\000u\000i\000z\000\040\000\351\000s\000\040\000Q\000u\000e\000s\000t\000i\000o\000n\000\040\000e\000n\000t\000i\000t\000\341\000s}{section.4.3}% 66
\BOOKMARK [2][-]{subsection.4.3.6}{\376\377\000A\000\040\000Q\000u\000i\000z\000R\000e\000s\000u\000l\000t\000\040\000e\000n\000t\000i\000t\000\341\000s}{section.4.3}% 67
\BOOKMARK [1][-]{section.4.4}{\376\377\000A\000d\000a\000t\000i\000n\000i\000c\000i\000a\000l\000i\000z\000\341\000l\000\341\000s}{chapter.4}% 68
\BOOKMARK [1][-]{section.4.5}{\376\377\000B\000i\000z\000t\000o\000n\000s\000\341\000g\000i\000\040\000k\000o\000n\000f\000i\000g\000u\000r\000\341\000c\000i\000\363}{chapter.4}% 69
\BOOKMARK [2][-]{subsection.4.5.1}{\376\377\000A\000\040\000S\000e\000c\000u\000r\000i\000t\000y\000C\000o\000n\000f\000i\000g\000\040\000o\000s\000z\000t\000\341\000l\000y}{section.4.5}% 70
\BOOKMARK [2][-]{subsection.4.5.2}{\376\377\000A\000\040\000C\000u\000s\000t\000o\000m\000U\000s\000e\000r\000D\000e\000t\000a\000i\000l\000s\000S\000e\000r\000v\000i\000c\000e}{section.4.5}% 71
\BOOKMARK [1][-]{section.4.6}{\376\377\000A\000d\000a\000t\000e\000l\000\351\000r\000\351\000s\000i\000\040\000r\000\351\000t\000e\000g}{chapter.4}% 72
\BOOKMARK [1][-]{section.4.7}{\376\377\000S\000z\000o\000l\000g\000\341\000l\000t\000a\000t\000\341\000s\000i\000\040\000r\000\351\000t\000e\000g}{chapter.4}% 73
\BOOKMARK [2][-]{subsection.4.7.1}{\376\377\000U\000s\000e\000r\000S\000e\000r\000v\000i\000c\000e}{section.4.7}% 74
\BOOKMARK [2][-]{subsection.4.7.2}{\376\377\000C\000o\000u\000r\000s\000e\000S\000e\000r\000v\000i\000c\000e}{section.4.7}% 75
\BOOKMARK [2][-]{subsection.4.7.3}{\376\377\000L\000e\000s\000s\000o\000n\000S\000e\000r\000v\000i\000c\000e}{section.4.7}% 76
\BOOKMARK [2][-]{subsection.4.7.4}{\376\377\000Q\000u\000i\000z\000S\000e\000r\000v\000i\000c\000e}{section.4.7}% 77
\BOOKMARK [1][-]{section.4.8}{\376\377\000F\000e\000l\000h\000a\000s\000z\000n\000\341\000l\000\363\000k\000e\000z\000e\000l\000\351\000s\000\040\000m\000e\000g\000v\000a\000l\000\363\000s\000\355\000t\000\341\000s\000a}{chapter.4}% 78
\BOOKMARK [2][-]{subsection.4.8.1}{\376\377\000R\000e\000g\000i\000s\000z\000t\000r\000\341\000c\000i\000\363\000\040\000\351\000s\000\040\000b\000e\000j\000e\000l\000e\000n\000t\000k\000e\000z\000\351\000s}{section.4.8}% 79
\BOOKMARK [2][-]{subsection.4.8.2}{\376\377\000I\000r\000\341\000n\000y\000\355\000t\000\363\000p\000u\000l\000t\000o\000k}{section.4.8}% 80
\BOOKMARK [1][-]{section.4.9}{\376\377\000K\000u\000r\000z\000u\000s\000-\000\040\000\351\000s\000\040\000l\000e\000c\000k\000e\000k\000e\000z\000e\000l\000\351\000s\000\040\000m\000e\000g\000v\000a\000l\000\363\000s\000\355\000t\000\341\000s\000a}{chapter.4}% 81
\BOOKMARK [2][-]{subsection.4.9.1}{\376\377\000K\000u\000r\000z\000u\000s\000l\000i\000s\000t\000a\000\040\000k\000e\000r\000e\000s\001\121\000v\000e\000l}{section.4.9}% 82
\BOOKMARK [2][-]{subsection.4.9.2}{\376\377\000K\000u\000r\000z\000u\000s\000\040\000l\000\351\000t\000r\000e\000h\000o\000z\000\341\000s\000a}{section.4.9}% 83
\BOOKMARK [2][-]{subsection.4.9.3}{\376\377\000L\000e\000c\000k\000e\000\040\000l\000\351\000t\000r\000e\000h\000o\000z\000\341\000s\000a}{section.4.9}% 84
\BOOKMARK [2][-]{subsection.4.9.4}{\376\377\000K\000u\000r\000z\000u\000s\000n\000\351\000z\000e\000t\000\040\000l\000e\000c\000k\000\351\000k\000k\000e\000l}{section.4.9}% 85
\BOOKMARK [2][-]{subsection.4.9.5}{\376\377\000P\000r\000e\000z\000e\000n\000t\000\341\000c\000i\000\363\000-\000f\000e\000l\000t\000\366\000l\000t\000\351\000s\000\040\000l\000e\000c\000k\000\351\000h\000e\000z\000\040\000r\000e\000n\000d\000e\000l\000\351\000s\000s\000e\000l\000\040\000\351\000s\000\040\000d\000u\000p\000l\000i\000k\000\341\000c\000i\000\363\000-\000s\000z\001\161\000r\000\351\000s\000s\000e\000l}{section.4.9}% 86
\BOOKMARK [1][-]{section.4.10}{\376\377\000P\000r\000e\000z\000e\000n\000t\000\341\000c\000i\000\363\000-\000f\000e\000l\000d\000o\000l\000g\000o\000z\000\341\000s\000\040\000m\000e\000g\000v\000a\000l\000\363\000s\000\355\000t\000\341\000s\000a}{chapter.4}% 87
\BOOKMARK [2][-]{subsection.4.10.1}{\376\377\000A\000\040\000P\000r\000e\000s\000e\000n\000t\000a\000t\000i\000o\000n\000S\000e\000r\000v\000i\000c\000e}{section.4.10}% 88
\BOOKMARK [2][-]{subsection.4.10.2}{\376\377\000P\000o\000w\000e\000r\000P\000o\000i\000n\000t\040\023\000P\000D\000F\000\040\000k\000o\000n\000v\000e\000r\000z\000i\000\363}{section.4.10}% 89
\BOOKMARK [2][-]{subsection.4.10.3}{\376\377\000P\000r\000e\000z\000e\000n\000t\000\341\000c\000i\000\363\000\040\000s\000t\000r\000e\000a\000m\000e\000l\000\351\000s\000e}{section.4.10}% 90
\BOOKMARK [1][-]{section.4.11}{\376\377\000K\000v\000\355\000z\000r\000e\000n\000d\000s\000z\000e\000r\000\040\000m\000e\000g\000v\000a\000l\000\363\000s\000\355\000t\000\341\000s\000a}{chapter.4}% 91
\BOOKMARK [2][-]{subsection.4.11.1}{\376\377\000K\000v\000\355\000z\000\040\000k\000i\000t\000\366\000l\000t\000\351\000s\000i\000\040\000\351\000s\000\040\000k\000i\000\351\000r\000t\000\351\000k\000e\000l\000\351\000s\000i\000\040\000l\000o\000g\000i\000k\000a}{section.4.11}% 92
\BOOKMARK [2][-]{subsection.4.11.2}{\376\377\000P\000o\000n\000t\000h\000a\000t\000\341\000r\000-\000m\000\363\000d\000o\000s\000\355\000t\000\341\000s\000\040\000v\000i\000s\000s\000z\000a\000m\000e\000n\001\121\000l\000e\000g\000e\000s\000\040\000h\000a\000t\000\341\000s\000a}{section.4.11}% 93
\BOOKMARK [1][-]{section.4.12}{\376\377\000E\000-\000m\000a\000i\000l\000\040\000\351\000r\000t\000e\000s\000\355\000t\000\351\000s\000i\000\040\000r\000e\000n\000d\000s\000z\000e\000r}{chapter.4}% 94
\BOOKMARK [1][-]{section.4.13}{\376\377\000N\000\351\000z\000e\000t\000e\000k\000\040\000\351\000s\000\040\000s\000a\000b\000l\000o\000n\000-\000r\000e\000n\000d\000s\000z\000e\000r}{chapter.4}% 95
\BOOKMARK [2][-]{subsection.4.13.1}{\376\377\000S\000a\000b\000l\000o\000n\000-\000s\000t\000r\000u\000k\000t\000\372\000r\000a}{section.4.13}% 96
\BOOKMARK [2][-]{subsection.4.13.2}{\376\377\000M\000o\000b\000i\000l\000o\000p\000t\000i\000m\000a\000l\000i\000z\000\341\000l\000\341\000s\000\040\000\351\000s\000\040\000r\000e\000s\000z\000p\000o\000n\000z\000\355\000v\000\040\000n\000\351\000z\000e\000t\000e\000k}{section.4.13}% 97
\BOOKMARK [2][-]{subsection.4.13.3}{\376\377\000T\000h\000y\000m\000e\000l\000e\000a\000f\040\023\000S\000p\000r\000i\000n\000g\000\040\000S\000e\000c\000u\000r\000i\000t\000y\000\040\000i\000n\000t\000e\000g\000r\000\341\000c\000i\000\363}{section.4.13}% 98
\BOOKMARK [2][-]{subsection.4.13.4}{\376\377\000S\000t\000a\000t\000i\000k\000u\000s\000\040\000e\000r\001\121\000f\000o\000r\000r\000\341\000s\000o\000k}{section.4.13}% 99
\BOOKMARK [0][-]{chapter.5}{\376\377\000T\000e\000s\000z\000t\000e\000l\000\351\000s}{}% 100
\BOOKMARK [1][-]{section.5.1}{\376\377\000T\000e\000s\000z\000t\000e\000l\000\351\000s\000i\000\040\000s\000t\000r\000a\000t\000\351\000g\000i\000a}{chapter.5}% 101
\BOOKMARK [1][-]{section.5.2}{\376\377\000A\000u\000t\000o\000m\000a\000t\000i\000z\000\341\000l\000t\000\040\000t\000e\000s\000z\000t\000e\000k}{chapter.5}% 102
\BOOKMARK [2][-]{subsection.5.2.1}{\376\377\000A\000l\000k\000a\000l\000m\000a\000z\000\341\000s\000k\000o\000n\000t\000e\000x\000t\000u\000s\000-\000t\000e\000s\000z\000t}{section.5.2}% 103
\BOOKMARK [2][-]{subsection.5.2.2}{\376\377\000R\000e\000g\000i\000s\000z\000t\000r\000\341\000c\000i\000\363\000s\000\040\000\351\000s\000\040\000b\000e\000j\000e\000l\000e\000n\000t\000k\000e\000z\000\351\000s\000i\000\040\000i\000n\000t\000e\000g\000r\000\341\000c\000i\000\363\000s\000\040\000t\000e\000s\000z\000t}{section.5.2}% 104
\BOOKMARK [2][-]{subsection.5.2.3}{\376\377\000J\000o\000g\000o\000s\000u\000l\000t\000s\000\341\000g\000v\000e\000z\000\351\000r\000l\000\351\000s\000i\000\040\000i\000n\000t\000e\000g\000r\000\341\000c\000i\000\363\000s\000\040\000t\000e\000s\000z\000t}{section.5.2}% 105
\BOOKMARK [2][-]{subsection.5.2.4}{\376\377\000K\000v\000\355\000z\000\040\000\374\000z\000l\000e\000t\000i\000\040\000l\000o\000g\000i\000k\000a\000\040\000e\000g\000y\000s\000\351\000g\000t\000e\000s\000z\000t}{section.5.2}% 106
\BOOKMARK [1][-]{section.5.3}{\376\377\000M\000a\000n\000u\000\341\000l\000i\000s\000\040\000f\000u\000n\000k\000c\000i\000o\000n\000\341\000l\000i\000s\000\040\000t\000e\000s\000z\000t\000e\000l\000\351\000s}{chapter.5}% 107
\BOOKMARK [2][-]{subsection.5.3.1}{\376\377\000H\000i\000t\000e\000l\000e\000s\000\355\000t\000\351\000s\000i\000\040\000t\000e\000s\000z\000t\000e\000k}{section.5.3}% 108
\BOOKMARK [2][-]{subsection.5.3.2}{\376\377\000K\000u\000r\000z\000u\000s\000-\000\040\000\351\000s\000\040\000l\000e\000c\000k\000e\000k\000e\000z\000e\000l\000\351\000s\000i\000\040\000t\000e\000s\000z\000t\000e\000k}{section.5.3}% 109
\BOOKMARK [2][-]{subsection.5.3.3}{\376\377\000P\000r\000e\000z\000e\000n\000t\000\341\000c\000i\000\363\000-\000f\000e\000l\000t\000\366\000l\000t\000\351\000s\000i\000\040\000t\000e\000s\000z\000t\000e\000k}{section.5.3}% 110
\BOOKMARK [2][-]{subsection.5.3.4}{\376\377\000K\000v\000\355\000z\000t\000e\000s\000z\000t\000e\000l\000\351\000s}{section.5.3}% 111
\BOOKMARK [2][-]{subsection.5.3.5}{\376\377\000I\000r\000\341\000n\000y\000\355\000t\000\363\000p\000u\000l\000t\000\040\000t\000e\000s\000z\000t\000e\000k}{section.5.3}% 112
\BOOKMARK [2][-]{subsection.5.3.6}{\376\377\000F\000e\000l\000h\000a\000s\000z\000n\000\341\000l\000\363\000k\000e\000z\000e\000l\000\351\000s\000i\000\040\000t\000e\000s\000z\000t\000e\000k}{section.5.3}% 113
\BOOKMARK [2][-]{subsection.5.3.7}{\376\377\000E\000-\000m\000a\000i\000l\000\040\000\351\000r\000t\000e\000s\000\355\000t\000\351\000s\000i\000\040\000t\000e\000s\000z\000t}{section.5.3}% 114
\BOOKMARK [1][-]{section.5.4}{\376\377\000B\000i\000z\000t\000o\000n\000s\000\341\000g\000i\000\040\000t\000e\000s\000z\000t\000e\000l\000\351\000s}{chapter.5}% 115
\BOOKMARK [2][-]{subsection.5.4.1}{\376\377\000U\000R\000L\000-\000m\000a\000n\000i\000p\000u\000l\000\341\000c\000i\000\363\000s\000\040\000k\000\355\000s\000\351\000r\000l\000e\000t\000e\000k}{section.5.4}% 116
\BOOKMARK [2][-]{subsection.5.4.2}{\376\377\000C\000S\000R\000F\000-\000v\000\351\000d\000e\000l\000e\000m\000\040\000e\000l\000l\000e\000n\001\121\000r\000z\000\351\000s\000e}{section.5.4}% 117
\BOOKMARK [1][-]{section.5.5}{\376\377\000R\000e\000s\000z\000p\000o\000n\000z\000i\000v\000i\000t\000\341\000s\000\040\000\351\000s\000\040\000b\000\366\000n\000g\000\351\000s\000z\001\121\000k\000o\000m\000p\000a\000t\000i\000b\000i\000l\000i\000t\000\341\000s\000\040\000t\000e\000s\000z\000t\000e\000l\000\351\000s\000e}{chapter.5}% 118
\BOOKMARK [1][-]{section.5.6}{\376\377\000I\000s\000m\000e\000r\000t\000\040\000k\000o\000r\000l\000\341\000t\000o\000k\000\040\000\351\000s\000\040\000f\000e\000j\000l\000e\000s\000z\000t\000\351\000s\000i\000\040\000l\000e\000h\000e\000t\001\121\000s\000\351\000g\000e\000k}{chapter.5}% 119
\BOOKMARK [2][-]{subsection.5.6.1}{\376\377\000I\000s\000m\000e\000r\000t\000\040\000k\000o\000r\000l\000\341\000t\000o\000k}{section.5.6}% 120
\BOOKMARK [2][-]{subsection.5.6.2}{\376\377\000F\000e\000j\000l\000e\000s\000z\000t\000\351\000s\000i\000\040\000l\000e\000h\000e\000t\001\121\000s\000\351\000g\000e\000k}{section.5.6}% 121
\BOOKMARK [0][-]{chapter.6}{\376\377\000\326\000s\000s\000z\000e\000f\000o\000g\000l\000a\000l\000\341\000s}{}% 122
\BOOKMARK [0][-]{chapter*.2}{\376\377\000F\000o\000r\000r\000\341\000s\000o\000k}{}% 123
